mode: atomic
github.com/valtors/vault/cmd/vault/main.go:16.13,17.22 1 0
github.com/valtors/vault/cmd/vault/main.go:17.22,20.3 2 0
github.com/valtors/vault/cmd/vault/main.go:22.2,22.20 1 0
github.com/valtors/vault/cmd/vault/main.go:23.36,24.23 1 0
github.com/valtors/vault/cmd/vault/main.go:25.30,26.10 1 0
github.com/valtors/vault/cmd/vault/main.go:27.13,28.22 1 0
github.com/valtors/vault/cmd/vault/main.go:29.15,30.24 1 0
github.com/valtors/vault/cmd/vault/main.go:31.10,34.13 3 0
github.com/valtors/vault/cmd/vault/main.go:38.28,46.20 7 0
github.com/valtors/vault/cmd/vault/main.go:46.20,49.3 2 0
github.com/valtors/vault/cmd/vault/main.go:51.2,58.18 2 0
github.com/valtors/vault/cmd/vault/main.go:58.18,60.3 1 0
github.com/valtors/vault/cmd/vault/main.go:62.2,63.16 2 0
github.com/valtors/vault/cmd/vault/main.go:63.16,66.3 2 0
github.com/valtors/vault/cmd/vault/main.go:67.2,69.35 2 0
github.com/valtors/vault/cmd/vault/main.go:69.35,72.3 2 0
github.com/valtors/vault/cmd/vault/main.go:74.2,77.12 3 0
github.com/valtors/vault/cmd/vault/main.go:77.12,80.3 2 0
github.com/valtors/vault/cmd/vault/main.go:82.2,82.34 1 0
github.com/valtors/vault/cmd/vault/main.go:82.34,85.3 2 0
github.com/valtors/vault/cmd/vault/main.go:88.30,95.36 6 0
github.com/valtors/vault/cmd/vault/main.go:95.36,98.3 2 0
github.com/valtors/vault/cmd/vault/main.go:101.14,123.2 1 1
github.com/valtors/vault/cmd/vault/main.go:125.34,128.30 3 9
github.com/valtors/vault/cmd/vault/main.go:128.30,129.18 1 44
github.com/valtors/vault/cmd/vault/main.go:129.18,130.21 1 15
github.com/valtors/vault/cmd/vault/main.go:130.21,133.5 2 10
github.com/valtors/vault/cmd/vault/main.go:134.9,136.4 1 29
github.com/valtors/vault/cmd/vault/main.go:138.2,138.19 1 9
github.com/valtors/vault/cmd/vault/main.go:138.19,140.3 1 6
github.com/valtors/vault/cmd/vault/main.go:141.2,141.15 1 9
github.com/valtors/vault/internal/api/server.go:20.34,25.2 1 13
github.com/valtors/vault/internal/api/server.go:27.32,39.2 6 0
github.com/valtors/vault/internal/api/server.go:41.31,42.22 1 1
github.com/valtors/vault/internal/api/server.go:42.22,44.3 1 0
github.com/valtors/vault/internal/api/server.go:45.2,45.12 1 1
github.com/valtors/vault/internal/api/server.go:48.71,51.2 2 1
github.com/valtors/vault/internal/api/server.go:60.74,61.33 1 8
github.com/valtors/vault/internal/api/server.go:61.33,64.3 2 4
github.com/valtors/vault/internal/api/server.go:65.2,65.32 1 4
github.com/valtors/vault/internal/api/server.go:65.32,68.3 2 3
github.com/valtors/vault/internal/api/server.go:69.2,69.66 1 1
github.com/valtors/vault/internal/api/server.go:72.72,74.61 2 4
github.com/valtors/vault/internal/api/server.go:74.61,77.3 2 1
github.com/valtors/vault/internal/api/server.go:79.2,87.16 3 3
github.com/valtors/vault/internal/api/server.go:87.16,90.3 2 0
github.com/valtors/vault/internal/api/server.go:92.2,101.4 6 3
github.com/valtors/vault/internal/api/server.go:104.72,115.33 5 3
github.com/valtors/vault/internal/api/server.go:115.33,121.3 1 1
github.com/valtors/vault/internal/api/server.go:123.2,124.33 2 3
github.com/valtors/vault/internal/api/server.go:127.76,129.16 2 4
github.com/valtors/vault/internal/api/server.go:129.16,132.3 2 1
github.com/valtors/vault/internal/api/server.go:134.2,135.21 2 3
github.com/valtors/vault/internal/api/server.go:135.21,138.3 2 0
github.com/valtors/vault/internal/api/server.go:140.2,141.16 2 3
github.com/valtors/vault/internal/api/server.go:141.16,144.3 2 1
github.com/valtors/vault/internal/api/server.go:146.2,150.9 4 2
github.com/valtors/vault/internal/api/server.go:150.9,153.3 2 1
github.com/valtors/vault/internal/api/server.go:155.2,155.21 1 1
github.com/valtors/vault/internal/api/server.go:155.21,164.3 4 1
github.com/valtors/vault/internal/api/server.go:166.2,166.43 1 0
github.com/valtors/vault/internal/api/server.go:166.43,170.17 4 0
github.com/valtors/vault/internal/api/server.go:170.17,172.4 1 0
github.com/valtors/vault/internal/api/server.go:174.3,175.17 2 0
github.com/valtors/vault/internal/api/server.go:175.17,178.4 2 0
github.com/valtors/vault/internal/api/server.go:180.3,185.9 3 0
github.com/valtors/vault/internal/api/server.go:188.2,188.74 1 0
github.com/valtors/vault/internal/api/server.go:188.74,189.35 1 0
github.com/valtors/vault/internal/api/server.go:189.35,192.4 2 0
github.com/valtors/vault/internal/api/server.go:193.3,194.9 2 0
github.com/valtors/vault/internal/api/server.go:197.2,197.77 1 0
github.com/valtors/vault/internal/api/server.go:197.77,198.38 1 0
github.com/valtors/vault/internal/api/server.go:198.38,201.4 2 0
github.com/valtors/vault/internal/api/server.go:202.3,206.9 5 0
github.com/valtors/vault/internal/api/server.go:209.2,209.49 1 0
github.com/valtors/vault/internal/api/server.go:212.35,215.30 3 4
github.com/valtors/vault/internal/api/server.go:215.30,216.18 1 26
github.com/valtors/vault/internal/api/server.go:216.18,217.21 1 3
github.com/valtors/vault/internal/api/server.go:217.21,220.5 2 2
github.com/valtors/vault/internal/api/server.go:221.9,223.4 1 23
github.com/valtors/vault/internal/api/server.go:225.2,225.19 1 4
github.com/valtors/vault/internal/api/server.go:225.19,227.3 1 4
github.com/valtors/vault/internal/api/server.go:228.2,228.14 1 4
github.com/valtors/vault/internal/env/sanitizer.go:64.55,68.32 3 10
github.com/valtors/vault/internal/env/sanitizer.go:68.32,70.22 2 129
github.com/valtors/vault/internal/env/sanitizer.go:70.22,71.12 1 0
github.com/valtors/vault/internal/env/sanitizer.go:73.3,76.16 3 129
github.com/valtors/vault/internal/env/sanitizer.go:76.16,77.12 1 1
github.com/valtors/vault/internal/env/sanitizer.go:80.3,80.23 1 128
github.com/valtors/vault/internal/env/sanitizer.go:80.23,81.12 1 46
github.com/valtors/vault/internal/env/sanitizer.go:84.3,84.19 1 82
github.com/valtors/vault/internal/env/sanitizer.go:84.19,85.12 1 58
github.com/valtors/vault/internal/env/sanitizer.go:88.3,88.20 1 24
github.com/valtors/vault/internal/env/sanitizer.go:88.20,90.4 1 7
github.com/valtors/vault/internal/env/sanitizer.go:92.3,93.39 2 24
github.com/valtors/vault/internal/env/sanitizer.go:96.2,96.19 1 10
github.com/valtors/vault/internal/env/sanitizer.go:96.19,98.3 1 3
github.com/valtors/vault/internal/env/sanitizer.go:99.2,99.19 1 10
github.com/valtors/vault/internal/env/sanitizer.go:99.19,101.3 1 8
github.com/valtors/vault/internal/env/sanitizer.go:102.2,102.19 1 10
github.com/valtors/vault/internal/env/sanitizer.go:102.19,104.3 1 9
github.com/valtors/vault/internal/env/sanitizer.go:105.2,105.20 1 10
github.com/valtors/vault/internal/env/sanitizer.go:105.20,107.3 1 10
github.com/valtors/vault/internal/env/sanitizer.go:109.2,109.15 1 10
github.com/valtors/vault/internal/env/sanitizer.go:112.39,114.2 1 1
github.com/valtors/vault/internal/env/sanitizer.go:116.35,118.44 2 147
github.com/valtors/vault/internal/env/sanitizer.go:118.44,119.33 1 2740
github.com/valtors/vault/internal/env/sanitizer.go:119.33,121.4 1 55
github.com/valtors/vault/internal/env/sanitizer.go:123.2,123.14 1 92
github.com/valtors/vault/internal/env/sanitizer.go:126.30,128.2 1 82
github.com/valtors/vault/internal/env/sanitizer.go:130.35,132.2 1 14
github.com/valtors/vault/internal/fs/overlay.go:38.66,42.48 3 11
github.com/valtors/vault/internal/fs/overlay.go:42.48,43.48 1 33
github.com/valtors/vault/internal/fs/overlay.go:43.48,45.4 1 0
github.com/valtors/vault/internal/fs/overlay.go:48.2,48.30 1 11
github.com/valtors/vault/internal/fs/overlay.go:48.30,49.23 1 1
github.com/valtors/vault/internal/fs/overlay.go:49.23,50.12 1 0
github.com/valtors/vault/internal/fs/overlay.go:52.3,54.63 3 1
github.com/valtors/vault/internal/fs/overlay.go:54.63,55.12 1 0
github.com/valtors/vault/internal/fs/overlay.go:57.3,58.28 2 1
github.com/valtors/vault/internal/fs/overlay.go:61.2,66.8 1 11
github.com/valtors/vault/internal/fs/overlay.go:69.33,69.50 1 9
github.com/valtors/vault/internal/fs/overlay.go:70.33,70.49 1 2
github.com/valtors/vault/internal/fs/overlay.go:71.33,71.50 1 2
github.com/valtors/vault/internal/fs/overlay.go:73.56,75.16 2 8
github.com/valtors/vault/internal/fs/overlay.go:75.16,77.3 1 0
github.com/valtors/vault/internal/fs/overlay.go:79.2,79.39 1 8
github.com/valtors/vault/internal/fs/overlay.go:79.39,81.50 2 74
github.com/valtors/vault/internal/fs/overlay.go:81.50,83.4 1 2
github.com/valtors/vault/internal/fs/overlay.go:86.2,86.69 1 6
github.com/valtors/vault/internal/fs/overlay.go:86.69,88.3 1 5
github.com/valtors/vault/internal/fs/overlay.go:90.2,91.41 2 1
github.com/valtors/vault/internal/fs/overlay.go:91.41,93.3 1 0
github.com/valtors/vault/internal/fs/overlay.go:95.2,95.67 1 1
github.com/valtors/vault/internal/fs/overlay.go:98.57,100.16 2 1
github.com/valtors/vault/internal/fs/overlay.go:100.16,102.3 1 0
github.com/valtors/vault/internal/fs/overlay.go:103.2,103.30 1 1
github.com/valtors/vault/internal/fs/overlay.go:106.79,108.16 2 4
github.com/valtors/vault/internal/fs/overlay.go:108.16,110.3 1 1
github.com/valtors/vault/internal/fs/overlay.go:111.2,111.66 1 3
github.com/valtors/vault/internal/fs/overlay.go:111.66,113.3 1 0
github.com/valtors/vault/internal/fs/overlay.go:114.2,114.43 1 3
github.com/valtors/vault/internal/fs/overlay.go:117.35,119.2 1 4
github.com/valtors/vault/internal/fs/overlay.go:121.42,123.2 1 2
github.com/valtors/vault/internal/fs/overlay.go:125.38,127.16 2 7
github.com/valtors/vault/internal/fs/overlay.go:127.16,129.3 1 0
github.com/valtors/vault/internal/fs/overlay.go:130.2,131.39 2 7
github.com/valtors/vault/internal/fs/overlay.go:131.39,133.50 2 41
github.com/valtors/vault/internal/fs/overlay.go:133.50,135.4 1 4
github.com/valtors/vault/internal/fs/overlay.go:137.2,137.14 1 3
github.com/valtors/vault/internal/fs/overlay.go:140.35,142.16 2 3
github.com/valtors/vault/internal/fs/overlay.go:142.16,144.3 1 1
github.com/valtors/vault/internal/fs/overlay.go:145.2,145.18 1 2
github.com/valtors/vault/internal/fs/overlay.go:145.18,147.3 1 2
github.com/valtors/vault/internal/fs/overlay.go:148.2,148.13 1 0
github.com/valtors/vault/internal/fs/overlay.go:151.39,154.2 2 6
github.com/valtors/vault/internal/fs/overlay.go:156.60,158.2 1 1
github.com/valtors/vault/internal/fs/overlay.go:160.44,162.79 2 1
github.com/valtors/vault/internal/fs/overlay.go:162.79,163.17 1 3
github.com/valtors/vault/internal/fs/overlay.go:163.17,165.4 1 0
github.com/valtors/vault/internal/fs/overlay.go:166.3,166.20 1 3
github.com/valtors/vault/internal/fs/overlay.go:166.20,168.4 1 2
github.com/valtors/vault/internal/fs/overlay.go:169.3,169.13 1 3
github.com/valtors/vault/internal/fs/overlay.go:171.2,171.18 1 1
github.com/valtors/vault/internal/fs/overlay.go:174.36,176.16 2 2
github.com/valtors/vault/internal/fs/overlay.go:176.16,178.3 1 0
github.com/valtors/vault/internal/fs/overlay.go:179.2,179.29 1 2
github.com/valtors/vault/internal/fs/overlay.go:179.29,181.3 1 1
github.com/valtors/vault/internal/fs/overlay.go:182.2,182.26 1 1
github.com/valtors/vault/internal/inject/scanner.go:55.40,57.29 2 25
github.com/valtors/vault/internal/inject/scanner.go:57.29,59.33 2 700
github.com/valtors/vault/internal/inject/scanner.go:59.33,66.4 1 26
github.com/valtors/vault/internal/inject/scanner.go:68.2,68.17 1 25
github.com/valtors/vault/internal/inject/scanner.go:71.48,78.2 2 2
github.com/valtors/vault/internal/inject/scanner.go:80.45,83.29 3 2
github.com/valtors/vault/internal/inject/scanner.go:83.29,85.24 2 56
github.com/valtors/vault/internal/inject/scanner.go:85.24,86.12 1 54
github.com/valtors/vault/internal/inject/scanner.go:88.3,88.42 1 2
github.com/valtors/vault/internal/inject/scanner.go:88.42,97.4 4 2
github.com/valtors/vault/internal/inject/scanner.go:99.2,99.25 1 2
github.com/valtors/vault/internal/inject/scanner.go:102.40,103.24 1 6
github.com/valtors/vault/internal/inject/scanner.go:103.24,105.3 1 1
github.com/valtors/vault/internal/inject/scanner.go:106.2,107.29 2 5
github.com/valtors/vault/internal/inject/scanner.go:107.29,108.21 1 11
github.com/valtors/vault/internal/inject/scanner.go:109.19,110.15 1 7
github.com/valtors/vault/internal/inject/scanner.go:111.15,112.15 1 2
github.com/valtors/vault/internal/inject/scanner.go:113.17,114.14 1 2
github.com/valtors/vault/internal/inject/scanner.go:115.11,116.14 1 0
github.com/valtors/vault/internal/inject/scanner.go:119.2,119.17 1 5
github.com/valtors/vault/internal/inject/scanner.go:119.17,121.3 1 1
github.com/valtors/vault/internal/inject/scanner.go:122.2,122.14 1 5
github.com/valtors/vault/internal/inject/scanner.go:125.41,126.19 1 30
github.com/valtors/vault/internal/inject/scanner.go:126.19,128.3 1 29
github.com/valtors/vault/internal/inject/scanner.go:129.2,129.24 1 1
github.com/valtors/vault/internal/mcp/gate.go:47.99,52.16 4 7
github.com/valtors/vault/internal/mcp/gate.go:52.16,54.3 1 0
github.com/valtors/vault/internal/mcp/gate.go:55.2,56.16 2 7
github.com/valtors/vault/internal/mcp/gate.go:56.16,58.3 1 0
github.com/valtors/vault/internal/mcp/gate.go:59.2,61.36 2 7
github.com/valtors/vault/internal/mcp/gate.go:61.36,63.3 1 1
github.com/valtors/vault/internal/mcp/gate.go:65.2,65.15 1 6
github.com/valtors/vault/internal/mcp/gate.go:65.15,67.3 1 4
github.com/valtors/vault/internal/mcp/gate.go:69.2,74.8 1 6
github.com/valtors/vault/internal/mcp/gate.go:77.59,83.21 4 0
github.com/valtors/vault/internal/mcp/gate.go:83.21,86.52 3 0
github.com/valtors/vault/internal/mcp/gate.go:86.52,89.12 3 0
github.com/valtors/vault/internal/mcp/gate.go:92.3,92.33 1 0
github.com/valtors/vault/internal/mcp/gate.go:92.33,94.12 2 0
github.com/valtors/vault/internal/mcp/gate.go:97.3,97.48 1 0
github.com/valtors/vault/internal/mcp/gate.go:97.48,99.25 2 0
github.com/valtors/vault/internal/mcp/gate.go:99.25,103.5 3 0
github.com/valtors/vault/internal/mcp/gate.go:106.3,107.26 2 0
github.com/valtors/vault/internal/mcp/gate.go:110.2,110.22 1 0
github.com/valtors/vault/internal/mcp/gate.go:113.62,118.23 4 3
github.com/valtors/vault/internal/mcp/gate.go:118.23,120.3 1 2
github.com/valtors/vault/internal/mcp/gate.go:122.2,124.30 2 3
github.com/valtors/vault/internal/mcp/gate.go:124.30,126.24 2 2
github.com/valtors/vault/internal/mcp/gate.go:126.24,130.4 3 1
github.com/valtors/vault/internal/mcp/gate.go:133.2,133.38 1 3
github.com/valtors/vault/internal/mcp/gate.go:133.38,135.3 1 0
github.com/valtors/vault/internal/mcp/gate.go:137.2,143.25 6 3
github.com/valtors/vault/internal/mcp/gate.go:146.32,149.12 3 6
github.com/valtors/vault/internal/mcp/gate.go:149.12,149.36 1 6
github.com/valtors/vault/internal/mcp/gate.go:150.2,150.9 1 6
github.com/valtors/vault/internal/mcp/gate.go:151.21,152.13 1 6
github.com/valtors/vault/internal/mcp/gate.go:153.37,156.50 3 0
github.com/valtors/vault/internal/mcp/gate.go:160.74,192.21 15 1
github.com/valtors/vault/internal/mcp/gate.go:192.21,193.10 1 3
github.com/valtors/vault/internal/mcp/gate.go:194.26,195.41 1 0
github.com/valtors/vault/internal/mcp/gate.go:196.11,196.11 0 3
github.com/valtors/vault/internal/mcp/gate.go:199.3,200.63 2 3
github.com/valtors/vault/internal/mcp/gate.go:200.63,201.12 1 0
github.com/valtors/vault/internal/mcp/gate.go:203.3,203.76 1 3
github.com/valtors/vault/internal/mcp/gate.go:203.76,205.25 2 1
github.com/valtors/vault/internal/mcp/gate.go:205.25,207.5 1 0
github.com/valtors/vault/internal/mcp/gate.go:208.4,208.37 1 1
github.com/valtors/vault/internal/mcp/gate.go:208.37,210.5 1 0
github.com/valtors/vault/internal/mcp/gate.go:211.4,211.9 1 1
github.com/valtors/vault/internal/mcp/gate.go:215.2,215.31 1 1
github.com/valtors/vault/internal/net/proxy.go:26.40,32.2 1 11
github.com/valtors/vault/internal/net/proxy.go:34.37,37.30 3 7
github.com/valtors/vault/internal/net/proxy.go:37.30,38.16 1 1
github.com/valtors/vault/internal/net/proxy.go:38.16,40.4 1 1
github.com/valtors/vault/internal/net/proxy.go:42.2,42.37 1 6
github.com/valtors/vault/internal/net/proxy.go:45.37,48.30 3 6
github.com/valtors/vault/internal/net/proxy.go:48.30,49.16 1 1
github.com/valtors/vault/internal/net/proxy.go:49.16,51.4 1 1
github.com/valtors/vault/internal/net/proxy.go:53.2,53.37 1 5
github.com/valtors/vault/internal/net/proxy.go:56.43,62.36 4 10
github.com/valtors/vault/internal/net/proxy.go:62.36,63.35 1 5
github.com/valtors/vault/internal/net/proxy.go:63.35,64.21 1 3
github.com/valtors/vault/internal/net/proxy.go:64.21,66.5 1 0
github.com/valtors/vault/internal/net/proxy.go:67.4,67.72 1 3
github.com/valtors/vault/internal/net/proxy.go:71.2,71.25 1 7
github.com/valtors/vault/internal/net/proxy.go:71.25,73.3 1 2
github.com/valtors/vault/internal/net/proxy.go:75.2,75.36 1 5
github.com/valtors/vault/internal/net/proxy.go:75.36,76.35 1 5
github.com/valtors/vault/internal/net/proxy.go:76.35,78.4 1 3
github.com/valtors/vault/internal/net/proxy.go:81.2,81.19 1 2
github.com/valtors/vault/internal/net/proxy.go:81.19,83.3 1 0
github.com/valtors/vault/internal/net/proxy.go:84.2,84.57 1 2
github.com/valtors/vault/internal/net/proxy.go:87.33,91.30 4 1
github.com/valtors/vault/internal/net/proxy.go:91.30,93.3 1 1
github.com/valtors/vault/internal/net/proxy.go:94.2,94.30 1 1
github.com/valtors/vault/internal/net/proxy.go:94.30,96.3 1 1
github.com/valtors/vault/internal/net/proxy.go:97.2,97.14 1 1
github.com/valtors/vault/internal/net/proxy.go:100.41,105.26 5 2
github.com/valtors/vault/internal/net/proxy.go:105.26,106.26 1 3
github.com/valtors/vault/internal/net/proxy.go:106.26,108.4 1 2
github.com/valtors/vault/internal/net/proxy.go:108.9,110.4 1 1
github.com/valtors/vault/internal/net/proxy.go:119.63,120.18 1 0
github.com/valtors/vault/internal/net/proxy.go:120.18,122.3 1 0
github.com/valtors/vault/internal/net/proxy.go:123.2,123.50 1 0
github.com/valtors/vault/internal/net/proxy.go:126.63,127.45 1 0
github.com/valtors/vault/internal/net/proxy.go:127.45,129.3 1 0
github.com/valtors/vault/internal/net/proxy.go:130.2,132.56 3 0
github.com/valtors/vault/internal/net/proxy.go:135.43,136.20 1 15
github.com/valtors/vault/internal/net/proxy.go:136.20,138.3 1 1
github.com/valtors/vault/internal/net/proxy.go:139.2,139.21 1 14
github.com/valtors/vault/internal/net/proxy.go:139.21,141.3 1 7
github.com/valtors/vault/internal/net/proxy.go:142.2,142.43 1 7
github.com/valtors/vault/internal/net/proxy.go:142.43,144.73 2 2
github.com/valtors/vault/internal/net/proxy.go:144.73,146.4 1 1
github.com/valtors/vault/internal/net/proxy.go:148.2,148.14 1 6
github.com/valtors/vault/internal/net/proxy.go:151.38,153.16 2 13
github.com/valtors/vault/internal/net/proxy.go:153.16,155.3 1 1
github.com/valtors/vault/internal/net/proxy.go:156.2,156.13 1 12
github.com/valtors/vault/internal/net/proxy.go:164.48,166.2 1 0
github.com/valtors/vault/internal/sandbox/config.go:15.29,21.2 1 1
github.com/valtors/vault/internal/sandbox/sandbox.go:31.40,34.23 2 9
github.com/valtors/vault/internal/sandbox/sandbox.go:34.23,36.3 1 0
github.com/valtors/vault/internal/sandbox/sandbox.go:38.2,39.55 2 9
github.com/valtors/vault/internal/sandbox/sandbox.go:39.55,41.3 1 0
github.com/valtors/vault/internal/sandbox/sandbox.go:43.2,44.16 2 9
github.com/valtors/vault/internal/sandbox/sandbox.go:44.16,46.3 1 0
github.com/valtors/vault/internal/sandbox/sandbox.go:48.2,49.16 2 9
github.com/valtors/vault/internal/sandbox/sandbox.go:49.16,52.3 2 0
github.com/valtors/vault/internal/sandbox/sandbox.go:54.2,59.8 1 9
github.com/valtors/vault/internal/sandbox/sandbox.go:62.33,66.18 3 5
github.com/valtors/vault/internal/sandbox/sandbox.go:66.18,68.3 1 1
github.com/valtors/vault/internal/sandbox/sandbox.go:70.2,70.25 1 4
github.com/valtors/vault/internal/sandbox/sandbox.go:70.25,72.3 1 1
github.com/valtors/vault/internal/sandbox/sandbox.go:74.2,77.27 3 3
github.com/valtors/vault/internal/sandbox/sandbox.go:77.27,81.3 3 0
github.com/valtors/vault/internal/sandbox/sandbox.go:83.2,92.27 7 3
github.com/valtors/vault/internal/sandbox/sandbox.go:92.27,93.13 1 0
github.com/valtors/vault/internal/sandbox/sandbox.go:93.13,96.4 2 0
github.com/valtors/vault/internal/sandbox/sandbox.go:99.2,102.36 3 3
github.com/valtors/vault/internal/sandbox/sandbox.go:102.36,105.3 2 0
github.com/valtors/vault/internal/sandbox/sandbox.go:107.2,109.12 2 3
github.com/valtors/vault/internal/sandbox/sandbox.go:112.32,114.18 2 3
github.com/valtors/vault/internal/sandbox/sandbox.go:114.18,117.3 2 1
github.com/valtors/vault/internal/sandbox/sandbox.go:118.2,126.12 6 2
github.com/valtors/vault/internal/sandbox/sandbox.go:129.32,133.42 3 2
github.com/valtors/vault/internal/sandbox/sandbox.go:133.42,135.3 1 1
github.com/valtors/vault/internal/sandbox/sandbox.go:137.2,138.29 2 1
github.com/valtors/vault/internal/sandbox/sandbox.go:141.35,145.17 3 9
github.com/valtors/vault/internal/sandbox/sandbox.go:145.17,147.3 1 9
github.com/valtors/vault/internal/sandbox/sandbox.go:148.2,148.22 1 9
github.com/valtors/vault/internal/sandbox/sandbox.go:148.22,150.3 1 9
github.com/valtors/vault/internal/sandbox/sandbox.go:151.2,151.12 1 9
github.com/valtors/vault/internal/sandbox/sandbox.go:154.41,154.56 1 1
github.com/valtors/vault/internal/sandbox/sandbox.go:155.41,155.68 1 1
github.com/valtors/vault/internal/sandbox/sandbox.go:156.41,156.65 1 2
github.com/valtors/vault/internal/sandbox/sandbox.go:157.41,157.56 1 1
github.com/valtors/vault/internal/sandbox/sandbox.go:158.41,158.61 1 1
github.com/valtors/vault/internal/sandbox/sandbox.go:159.41,159.65 1 2
github.com/valtors/vault/internal/sandbox/sandbox.go:161.79,163.2 1 1
github.com/valtors/vault/internal/sandbox/sandbox.go:165.41,167.2 1 1
github.com/valtors/vault/internal/store/store.go:26.36,29.16 3 25
github.com/valtors/vault/internal/store/store.go:29.16,31.3 1 0
github.com/valtors/vault/internal/store/store.go:33.2,33.34 1 25
github.com/valtors/vault/internal/store/store.go:33.34,36.3 2 1
github.com/valtors/vault/internal/store/store.go:38.2,49.43 2 24
github.com/valtors/vault/internal/store/store.go:49.43,52.3 2 0
github.com/valtors/vault/internal/store/store.go:54.2,54.25 1 24
github.com/valtors/vault/internal/store/store.go:57.57,65.2 4 92
github.com/valtors/vault/internal/store/store.go:67.65,71.33 3 12
github.com/valtors/vault/internal/store/store.go:71.33,73.3 1 1
github.com/valtors/vault/internal/store/store.go:75.2,77.20 3 12
github.com/valtors/vault/internal/store/store.go:77.20,82.3 1 7
github.com/valtors/vault/internal/store/store.go:82.8,87.3 1 5
github.com/valtors/vault/internal/store/store.go:88.2,88.16 1 12
github.com/valtors/vault/internal/store/store.go:88.16,90.3 1 0
github.com/valtors/vault/internal/store/store.go:91.2,94.18 3 12
github.com/valtors/vault/internal/store/store.go:94.18,96.91 2 28
github.com/valtors/vault/internal/store/store.go:96.91,98.4 1 0
github.com/valtors/vault/internal/store/store.go:99.3,99.31 1 28
github.com/valtors/vault/internal/store/store.go:101.2,101.28 1 12
github.com/valtors/vault/internal/store/store.go:104.35,110.2 5 11
github.com/valtors/vault/internal/store/store.go:112.28,114.2 1 25
github.com/valtors/vault/internal/store/store.go:116.52,119.16 3 1
github.com/valtors/vault/internal/store/store.go:119.16,121.3 1 0
github.com/valtors/vault/internal/store/store.go:122.2,125.16 4 1
github.com/valtors/vault/internal/store/store.go:125.16,128.3 2 0
github.com/valtors/vault/internal/store/store.go:129.2,129.16 1 1
